{
  "RSpec": {
    "coverage": {
      "/home/cjacobe/BE_Development/stockify/spec/models/user_spec.rb": {
        "lines": [
          1,
          null,
          1,
          1,
          1,
          null,
          null,
          1,
          2,
          2,
          2,
          2,
          2,
          null,
          null,
          1,
          1,
          1,
          1,
          null,
          null,
          1,
          1,
          1,
          null,
          null,
          null,
          1,
          3,
          null,
          1,
          1,
          null,
          null,
          1,
          1,
          null,
          null,
          null,
          null
        ]
      },
      "/home/cjacobe/BE_Development/stockify/spec/rails_helper.rb": {
        "lines": [
          null,
          1,
          1,
          1,
          null,
          null,
          1,
          1,
          null,
          null,
          null,
          null,
          null,
          null,
          null,
          null,
          null,
          null,
          null,
          null,
          null,
          null,
          null,
          null,
          null,
          null,
          null,
          null,
          1,
          null,
          0,
          null,
          null,
          1,
          1,
          1,
          null,
          1,
          null,
          null,
          null,
          1,
          1,
          1,
          1,
          null,
          1,
          null,
          null,
          null,
          null,
          1,
          null,
          null,
          null,
          null,
          null,
          null,
          null,
          null,
          null,
          null,
          null,
          null,
          null,
          null,
          null,
          null,
          null,
          1,
          null,
          null,
          1,
          null,
          null,
          null,
          null,
          1,
          1,
          1,
          1,
          null,
          null
        ]
      },
      "/home/cjacobe/BE_Development/stockify/config/environment.rb": {
        "lines": [
          null,
          1,
          null,
          null,
          1
        ]
      },
      "/home/cjacobe/BE_Development/stockify/config/application.rb": {
        "lines": [
          1,
          null,
          1,
          null,
          null,
          null,
          1,
          null,
          1,
          1,
          null,
          1,
          null,
          null,
          null,
          null,
          null,
          null,
          null,
          null,
          null,
          null,
          null,
          null,
          1,
          null,
          null
        ]
      },
      "/home/cjacobe/BE_Development/stockify/config/boot.rb": {
        "lines": [
          1,
          null,
          1,
          1
        ]
      },
      "/home/cjacobe/BE_Development/stockify/config/environments/test.rb": {
        "lines": [
          1,
          null,
          null,
          null,
          null,
          null,
          null,
          1,
          null,
          null,
          null,
          1,
          null,
          null,
          null,
          null,
          1,
          null,
          null,
          1,
          1,
          null,
          null,
          null,
          null,
          1,
          1,
          1,
          null,
          null,
          1,
          null,
          null,
          1,
          null,
          null,
          1,
          null,
          1,
          null,
          null,
          null,
          null,
          1,
          null,
          null,
          1,
          null,
          null,
          1,
          null,
          null,
          1,
          null,
          null,
          null,
          null,
          null,
          null,
          null
        ]
      },
      "/home/cjacobe/BE_Development/stockify/config/initializers/cors.rb": {
        "lines": [
          null,
          null,
          null,
          null,
          null,
          null,
          null,
          1,
          1,
          1,
          null,
          1,
          null,
          null,
          null,
          null,
          null
        ]
      },
      "/home/cjacobe/BE_Development/stockify/config/initializers/filter_parameter_logging.rb": {
        "lines": [
          null,
          null,
          null,
          null,
          null,
          1,
          null,
          null
        ]
      },
      "/home/cjacobe/BE_Development/stockify/config/initializers/inflections.rb": {
        "lines": [
          null,
          null,
          null,
          null,
          null,
          null,
          null,
          null,
          null,
          null,
          null,
          null,
          null,
          null,
          null,
          null
        ]
      },
      "/home/cjacobe/BE_Development/stockify/spec/factories/users.rb": {
        "lines": [
          1,
          1,
          78,
          78,
          78,
          78,
          78,
          null,
          null,
          1,
          2,
          2,
          2,
          2,
          2,
          null,
          null,
          null
        ]
      },
      "/home/cjacobe/BE_Development/stockify/config/routes.rb": {
        "lines": [
          1,
          null,
          null,
          null,
          null,
          null,
          1,
          1,
          1,
          1,
          null,
          null,
          null
        ]
      },
      "/home/cjacobe/BE_Development/stockify/spec/helpers/api_helpers.rb": {
        "lines": [
          1,
          1,
          11,
          null,
          null
        ]
      },
      "/home/cjacobe/BE_Development/stockify/spec/helpers/auth_helper.rb": {
        "lines": [
          1,
          null,
          1,
          1,
          null,
          1,
          16,
          16,
          16,
          16,
          null,
          null,
          null
        ]
      },
      "/home/cjacobe/BE_Development/stockify/lib/token_helper.rb": {
        "lines": [
          1,
          null,
          1,
          28,
          28,
          null,
          null,
          1,
          20,
          null,
          null,
          1,
          48,
          null,
          null,
          null
        ]
      },
      "/home/cjacobe/BE_Development/stockify/app/models/user.rb": {
        "lines": [
          1,
          1,
          null,
          null,
          null,
          1,
          1,
          1,
          1,
          1,
          null
        ]
      },
      "/home/cjacobe/BE_Development/stockify/app/models/application_record.rb": {
        "lines": [
          1,
          1,
          null
        ]
      },
      "/home/cjacobe/BE_Development/stockify/spec/requests/api/v1/auth_spec.rb": {
        "lines": [
          1,
          null,
          1,
          1,
          1,
          null,
          1,
          6,
          6,
          6,
          null,
          null,
          1,
          1,
          null,
          null,
          1,
          1,
          null,
          null,
          1,
          1,
          null,
          null,
          1,
          1,
          null,
          null,
          1,
          1,
          null,
          null,
          1,
          1,
          null,
          null,
          null,
          null,
          1,
          null,
          1,
          2,
          2,
          null,
          null,
          1,
          1,
          null,
          null,
          1,
          1,
          null,
          null,
          null
        ]
      },
      "/home/cjacobe/BE_Development/stockify/spec/requests/api/v1/users_spec.rb": {
        "lines": [
          1,
          null,
          1,
          null,
          19,
          null,
          1,
          1,
          null,
          1,
          4,
          4,
          null,
          null,
          null,
          1,
          1,
          null,
          null,
          1,
          1,
          null,
          null,
          1,
          1,
          null,
          null,
          1,
          1,
          null,
          null,
          null,
          null,
          1,
          1,
          7,
          null,
          1,
          6,
          null,
          null,
          1,
          1,
          null,
          null,
          1,
          1,
          null,
          null,
          1,
          1,
          null,
          null,
          1,
          1,
          null,
          null,
          1,
          1,
          null,
          null,
          1,
          1,
          null,
          null,
          null,
          1,
          null,
          1,
          1,
          null,
          null,
          1,
          1,
          null,
          null,
          null,
          null,
          1,
          1,
          null,
          1,
          3,
          3,
          null,
          null,
          1,
          1,
          null,
          null,
          1,
          1,
          null,
          null,
          1,
          1,
          null,
          null,
          null,
          null,
          1,
          1,
          null,
          null,
          null,
          1,
          3,
          3,
          null,
          null,
          1,
          1,
          null,
          null,
          1,
          1,
          null,
          null,
          1,
          1,
          null,
          null,
          null,
          null,
          1,
          1,
          null,
          1,
          1,
          null,
          null,
          1,
          1,
          null,
          null,
          null,
          null,
          null,
          null,
          1,
          1,
          null,
          null,
          1,
          3,
          null,
          null,
          null
        ]
      },
      "/home/cjacobe/BE_Development/stockify/spec/requests/application_spec.rb": {
        "lines": [
          1,
          null,
          1,
          null,
          null,
          10,
          10,
          null,
          1,
          1,
          null,
          null,
          1,
          null,
          null,
          1,
          1,
          null,
          null,
          1,
          1,
          null,
          null,
          null,
          null,
          null,
          1,
          1,
          2,
          null,
          null,
          1,
          1,
          null,
          null,
          1,
          1,
          null,
          null,
          null,
          1,
          null,
          1,
          2,
          2,
          2,
          null,
          2,
          null,
          null,
          1,
          1,
          null,
          null,
          1,
          1,
          null,
          null,
          null,
          1,
          null,
          1,
          2,
          2,
          2,
          2,
          2,
          null,
          2,
          null,
          null,
          1,
          1,
          null,
          null,
          1,
          1,
          null,
          null,
          null,
          1,
          1,
          2,
          null,
          null,
          1,
          1,
          null,
          null,
          1,
          1,
          null,
          null,
          null,
          null
        ]
      },
      "/home/cjacobe/BE_Development/stockify/app/controllers/api/v1/auth_controller.rb": {
        "lines": [
          1,
          1,
          null,
          null,
          1,
          1,
          1,
          null,
          1,
          8,
          null,
          8,
          6,
          6,
          6,
          6,
          null,
          2,
          null,
          null,
          null,
          1,
          null,
          1,
          0,
          null,
          null,
          null
        ]
      },
      "/home/cjacobe/BE_Development/stockify/lib/headers_helper.rb": {
        "lines": [
          1,
          1,
          12,
          12,
          12,
          null,
          null
        ]
      },
      "/home/cjacobe/BE_Development/stockify/app/controllers/application_controller.rb": {
        "lines": [
          1,
          null,
          1,
          1,
          1,
          null,
          1,
          20,
          null,
          20,
          2,
          2,
          null,
          null,
          18,
          null,
          null,
          18,
          16,
          16,
          null,
          16,
          2,
          null,
          14,
          null,
          null,
          null,
          null,
          14,
          12,
          null,
          2,
          null,
          null,
          2,
          2,
          null,
          null,
          null
        ]
      },
      "/home/cjacobe/BE_Development/stockify/app/controllers/api/v1/users_controller.rb": {
        "lines": [
          1,
          1,
          null,
          1,
          1,
          1,
          null,
          1,
          5,
          5,
          null,
          null,
          1,
          7,
          null,
          7,
          6,
          6,
          6,
          null,
          1,
          null,
          null,
          null,
          null,
          1,
          null,
          3,
          null,
          null,
          null,
          1,
          3,
          3,
          null,
          null,
          1,
          1,
          1,
          null,
          null,
          1,
          null,
          1,
          10,
          null,
          null
        ]
      }
    },
    "timestamp": 1691443156
  }
}
